<?xml version="1.0" encoding="UTF-8"?>
<!-- Generated by org.testng.reporters.JUnitReportReporter -->
<testsuite hostname="TGL193" failures="0" tests="1" name="TGApp.GalenPractise" time="0.608" errors="1" timestamp="2022-02-08T14:16:51 IST" skipped="0">
  <testcase classname="TGApp.GalenPractise" name="homePage" time="0.608">
    <error message="Cannot invoke &quot;org.openqa.selenium.SearchContext.findElements(org.openqa.selenium.By)&quot; because &quot;searchContext&quot; is null" type="java.lang.NullPointerException">
      <![CDATA[java.lang.NullPointerException: Cannot invoke "org.openqa.selenium.SearchContext.findElements(org.openqa.selenium.By)" because "searchContext" is null
at com.galenframework.page.selenium.ByChain.findElements(ByChain.java:40)
at com.galenframework.page.selenium.SeleniumPage.driverFindElements(SeleniumPage.java:111)
at com.galenframework.page.selenium.SeleniumPage.getObjectCount(SeleniumPage.java:153)
at com.galenframework.speclang2.pagespec.ObjectDefinitionProcessor.addMultiObjectsToSpec(ObjectDefinitionProcessor.java:145)
at com.galenframework.speclang2.pagespec.ObjectDefinitionProcessor.processObject(ObjectDefinitionProcessor.java:105)
at com.galenframework.speclang2.pagespec.ObjectDefinitionProcessor.parseItem(ObjectDefinitionProcessor.java:63)
at com.galenframework.speclang2.pagespec.ObjectDefinitionProcessor.parseItem(ObjectDefinitionProcessor.java:59)
at com.galenframework.speclang2.pagespec.ObjectDefinitionProcessor.process(ObjectDefinitionProcessor.java:52)
at com.galenframework.speclang2.pagespec.MacroProcessor.processMacroStatement(MacroProcessor.java:203)
at com.galenframework.speclang2.pagespec.MacroProcessor.process(MacroProcessor.java:84)
at com.galenframework.speclang2.pagespec.PageSpecReader.read(PageSpecReader.java:61)
at com.galenframework.speclang2.pagespec.PageSpecReader.read(PageSpecReader.java:45)
at com.galenframework.api.Galen.checkLayout(Galen.java:68)
at com.galenframework.api.Galen.checkLayout(Galen.java:59)
at com.galenframework.api.Galen.checkLayout(Galen.java:155)
at com.galenframework.api.Galen.checkLayout(Galen.java:129)
at TGApp.GalenPractise.homePage(GalenPractise.java:44)
at java.base/jdk.internal.reflect.NativeMethodAccessorImpl.invoke0(Native Method)
at java.base/jdk.internal.reflect.NativeMethodAccessorImpl.invoke(NativeMethodAccessorImpl.java:77)
at java.base/jdk.internal.reflect.DelegatingMethodAccessorImpl.invoke(DelegatingMethodAccessorImpl.java:43)
at java.base/java.lang.reflect.Method.invoke(Method.java:568)
at org.testng.internal.MethodInvocationHelper.invokeMethod(MethodInvocationHelper.java:133)
at org.testng.internal.TestInvoker.invokeMethod(TestInvoker.java:598)
at org.testng.internal.TestInvoker.invokeTestMethod(TestInvoker.java:173)
at org.testng.internal.MethodRunner.runInSequence(MethodRunner.java:46)
at org.testng.internal.TestInvoker$MethodInvocationAgent.invoke(TestInvoker.java:824)
at org.testng.internal.TestInvoker.invokeTestMethods(TestInvoker.java:146)
at org.testng.internal.TestMethodWorker.invokeTestMethods(TestMethodWorker.java:146)
at org.testng.internal.TestMethodWorker.run(TestMethodWorker.java:128)
at java.base/java.util.ArrayList.forEach(ArrayList.java:1511)
at org.testng.TestRunner.privateRun(TestRunner.java:794)
at org.testng.TestRunner.run(TestRunner.java:596)
at org.testng.SuiteRunner.runTest(SuiteRunner.java:377)
at org.testng.SuiteRunner.runSequentially(SuiteRunner.java:371)
at org.testng.SuiteRunner.privateRun(SuiteRunner.java:332)
at org.testng.SuiteRunner.run(SuiteRunner.java:276)
at org.testng.SuiteRunnerWorker.runSuite(SuiteRunnerWorker.java:53)
at org.testng.SuiteRunnerWorker.run(SuiteRunnerWorker.java:96)
at org.testng.TestNG.runSuitesSequentially(TestNG.java:1212)
at org.testng.TestNG.runSuitesLocally(TestNG.java:1134)
at org.testng.TestNG.runSuites(TestNG.java:1063)
at org.testng.TestNG.run(TestNG.java:1031)
at org.testng.remote.AbstractRemoteTestNG.run(AbstractRemoteTestNG.java:115)
at org.testng.remote.RemoteTestNG.initAndRun(RemoteTestNG.java:251)
at org.testng.remote.RemoteTestNG.main(RemoteTestNG.java:77)
]]>
    </error>
  </testcase> <!-- homePage -->
  <system-out/>
</testsuite> <!-- TGApp.GalenPractise -->
